ChangTuWen/ChangTuWen1.1/YouMiSDK/YoumiAndroidSdk/demo/normaldemo/build/outputs/logs/manifest-merger-debug-report.txt
-- Merging decision tree log ---
manifest
ADDED from demo\normaldemo\AndroidManifest.xml:2:1-83:13
	xmlns:android
		ADDED from demo\normaldemo\AndroidManifest.xml:4:2-60
	package
		ADDED from demo\normaldemo\AndroidManifest.xml:3:2-36
	android:versionName
		ADDED from demo\normaldemo\AndroidManifest.xml:6:2-29
	android:versionCode
		ADDED from demo\normaldemo\AndroidManifest.xml:5:2-27
		INJECTED from demo\normaldemo\AndroidManifest.xml
		INJECTED from demo\normaldemo\AndroidManifest.xml
uses-sdk
ADDED from demo\normaldemo\AndroidManifest.xml:8:2-10:35
MERGED from [com.android.support:support-v4:23.1.1] AndroidManifest.xml:20:5-43
	android:targetSdkVersion
		ADDED from demo\normaldemo\AndroidManifest.xml:10:3-32
	android:minSdkVersion
		ADDED from demo\normaldemo\AndroidManifest.xml:9:3-28
uses-permission#android.permission.INTERNET
ADDED from demo\normaldemo\AndroidManifest.xml:13:2-64
	android:name
		ADDED from demo\normaldemo\AndroidManifest.xml:13:19-61
uses-permission#android.permission.READ_PHONE_STATE
ADDED from demo\normaldemo\AndroidManifest.xml:14:2-72
	android:name
		ADDED from demo\normaldemo\AndroidManifest.xml:14:19-69
uses-permission#android.permission.ACCESS_NETWORK_STATE
ADDED from demo\normaldemo\AndroidManifest.xml:15:2-76
	android:name
		ADDED from demo\normaldemo\AndroidManifest.xml:15:19-73
uses-permission#android.permission.ACCESS_WIFI_STATE
ADDED from demo\normaldemo\AndroidManifest.xml:16:2-73
	android:name
		ADDED from demo\normaldemo\AndroidManifest.xml:16:19-70
uses-permission#android.permission.WRITE_EXTERNAL_STORAGE
ADDED from demo\normaldemo\AndroidManifest.xml:17:2-78
	android:name
		ADDED from demo\normaldemo\AndroidManifest.xml:17:19-75
uses-permission#android.permission.SYSTEM_ALERT_WINDOW
ADDED from demo\normaldemo\AndroidManifest.xml:18:2-75
	android:name
		ADDED from demo\normaldemo\AndroidManifest.xml:18:19-72
uses-permission#com.android.launcher.permission.INSTALL_SHORTCUT
ADDED from demo\normaldemo\AndroidManifest.xml:30:2-85
	android:name
		ADDED from demo\normaldemo\AndroidManifest.xml:30:19-82
uses-permission#android.permission.ACCESS_FINE_LOCATION
ADDED from demo\normaldemo\AndroidManifest.xml:31:2-76
	android:name
		ADDED from demo\normaldemo\AndroidManifest.xml:31:19-73
application
ADDED from demo\normaldemo\AndroidManifest.xml:33:2-81:17
MERGED from [com.android.support:support-v4:23.1.1] AndroidManifest.xml:22:5-20
	android:label
		ADDED from demo\normaldemo\AndroidManifest.xml:37:3-35
	android:allowBackup
		ADDED from demo\normaldemo\AndroidManifest.xml:34:3-29
	android:icon
		ADDED from demo\normaldemo\AndroidManifest.xml:36:3-32
	android:theme
		ADDED from demo\normaldemo\AndroidManifest.xml:38:3-34
	android:hardwareAccelerated
		ADDED from demo\normaldemo\AndroidManifest.xml:35:3-37
activity#com.youmi.android.addemo.SplashActivity
ADDED from demo\normaldemo\AndroidManifest.xml:39:3-49:15
	android:screenOrientation
		ADDED from demo\normaldemo\AndroidManifest.xml:43:4-40
	android:label
		ADDED from demo\normaldemo\AndroidManifest.xml:42:4-36
	android:configChanges
		ADDED from demo\normaldemo\AndroidManifest.xml:41:4-74
	android:name
		ADDED from demo\normaldemo\AndroidManifest.xml:40:4-58
intent-filter#android.intent.action.MAIN+android.intent.category.LAUNCHER
ADDED from demo\normaldemo\AndroidManifest.xml:44:4-48:21
action#android.intent.action.MAIN
ADDED from demo\normaldemo\AndroidManifest.xml:45:5-57
	android:name
		ADDED from demo\normaldemo\AndroidManifest.xml:45:13-54
category#android.intent.category.LAUNCHER
ADDED from demo\normaldemo\AndroidManifest.xml:47:5-65
	android:name
		ADDED from demo\normaldemo\AndroidManifest.xml:47:15-62
activity#com.youmi.android.addemo.MainActivity
ADDED from demo\normaldemo\AndroidManifest.xml:50:3-55:15
	android:screenOrientation
		ADDED from demo\normaldemo\AndroidManifest.xml:54:4-40
	android:label
		ADDED from demo\normaldemo\AndroidManifest.xml:53:4-36
	android:configChanges
		ADDED from demo\normaldemo\AndroidManifest.xml:52:4-74
	android:name
		ADDED from demo\normaldemo\AndroidManifest.xml:51:4-56
activity#aga.fdf.grd.KIJ
ADDED from demo\normaldemo\AndroidManifest.xml:58:3-62:15
	android:configChanges
		ADDED from demo\normaldemo\AndroidManifest.xml:60:4-74
	android:theme
		ADDED from demo\normaldemo\AndroidManifest.xml:61:4-51
	android:name
		ADDED from demo\normaldemo\AndroidManifest.xml:59:4-34
service#aga.fdf.grd.SIO
ADDED from demo\normaldemo\AndroidManifest.xml:63:3-66:14
	android:exported
		ADDED from demo\normaldemo\AndroidManifest.xml:65:4-28
	android:name
		ADDED from demo\normaldemo\AndroidManifest.xml:64:4-34
receiver#aga.fdf.grd.DDW
ADDED from demo\normaldemo\AndroidManifest.xml:67:3-74:15
	android:name
		ADDED from demo\normaldemo\AndroidManifest.xml:67:13-43
intent-filter#android.intent.action.PACKAGE_ADDED+android.intent.action.PACKAGE_INSTALL
ADDED from demo\normaldemo\AndroidManifest.xml:68:4-73:21
action#android.intent.action.PACKAGE_ADDED
ADDED from demo\normaldemo\AndroidManifest.xml:69:5-66
	android:name
		ADDED from demo\normaldemo\AndroidManifest.xml:69:13-63
action#android.intent.action.PACKAGE_INSTALL
ADDED from demo\normaldemo\AndroidManifest.xml:70:5-68
	android:name
		ADDED from demo\normaldemo\AndroidManifest.xml:70:13-65
data
ADDED from demo\normaldemo\AndroidManifest.xml:72:5-38
	android:scheme
		ADDED from demo\normaldemo\AndroidManifest.xml:72:11-35
meta-data#YOUMI_CHANNEL
ADDED from demo\normaldemo\AndroidManifest.xml:77:3-80:16
	android:name
		ADDED from demo\normaldemo\AndroidManifest.xml:78:4-32
	android:value
		ADDED from demo\normaldemo\AndroidManifest.xml:79:4-21